Tue May 19 21:31:16 SGT 2020 : Apache Derby Network Server - 10.10.2.0 - (1582446) started and ready to accept connections on port 1527
----------------------------------------------------------------
Tue May 19 21:31:17 SGT 2020:
Booting Derby version The Apache Software Foundation - Apache Derby - 10.10.2.0 - (1582446): instance a816c00e-0172-2d21-9b1c-0000090075ed 
on database directory C:\Users\jmallari\Documents\NetBeansProjects\04192020WDESIGN\SEE04182020\SEE042020\eventEvaluation\dbSEE with class loader sun.misc.Launcher$AppClassLoader@1d44bcfa 
Loaded from file:/C:/Program%20Files/glassfish-4.1.1/javadb/lib/derby.jar
java.vendor=Oracle Corporation
java.runtime.version=1.8.0_231-b11
user.dir=C:\Program Files\glassfish-4.1.1\javadb
os.name=Windows 10
os.arch=amd64
os.version=10.0
derby.system.home=C:\Users\jmallari\Documents\NetBeansProjects\04192020WDESIGN\SEE04182020\SEE042020\eventEvaluation
Database Class Loader started - derby.database.classpath=''
----------------------------------------------------------------
Tue May 19 21:31:49 SGT 2020: Shutting down Derby engine
----------------------------------------------------------------
Tue May 19 21:31:49 SGT 2020:
Shutting down instance a816c00e-0172-2d21-9b1c-0000090075ed on database directory C:\Users\jmallari\Documents\NetBeansProjects\04192020WDESIGN\SEE04182020\SEE042020\eventEvaluation\dbSEE with class loader sun.misc.Launcher$AppClassLoader@1d44bcfa 
----------------------------------------------------------------
